This file contains any messages produced by compilers while
running configure, to aid debugging if configure makes a mistake.

It was created by fingerPRINTScan configure 3.5.95-r1 scordis@bioinf.man.ac.uk, which was
generated by GNU Autoconf 2.61.  Invocation command line was

  $ ./configure 

## --------- ##
## Platform. ##
## --------- ##

hostname = nuka-m90.windows.ebi.ac.uk
uname -m = x86_64
uname -r = 3.5.0-28-generic
uname -s = Linux
uname -v = #48-Ubuntu SMP Tue Apr 23 23:03:38 UTC 2013

/usr/bin/uname -p = unknown
/bin/uname -X     = unknown

/bin/arch              = unknown
/usr/bin/arch -k       = unknown
/usr/convex/getsysinfo = unknown
/usr/bin/hostinfo      = unknown
/bin/machine           = unknown
/usr/bin/oslevel       = unknown
/bin/universe          = unknown

PATH: /home/nuka/bin
PATH: /usr/lib/lightdm/lightdm
PATH: /home/nuka/applications/jdk1.7.0_51/bin
PATH: .
PATH: /home/nuka/bin
PATH: /home/nuka/applications/idea/bin
PATH: /home/nuka/applications/jdk1.7.0_51/bin
PATH: .
PATH: /home/nuka/bin
PATH: /home/nuka/applications/idea/bin
PATH: /usr/local/sbin
PATH: /usr/local/bin
PATH: /usr/sbin
PATH: /usr/bin
PATH: /sbin
PATH: /bin
PATH: /usr/games
PATH: /usr/local/games


## ----------- ##
## Core tests. ##
## ----------- ##

configure:1779: checking for a BSD-compatible install
configure:1835: result: /usr/bin/install -c
configure:1846: checking whether build environment is sane
configure:1889: result: yes
configure:1954: checking for gawk
configure:1984: result: no
configure:1954: checking for mawk
configure:1970: found /usr/bin/mawk
configure:1981: result: mawk
configure:1992: checking whether make sets $(MAKE)
configure:2013: result: yes
configure:2246: checking for gcc
configure:2262: found /usr/bin/gcc
configure:2273: result: gcc
configure:2511: checking for C compiler version
configure:2518: gcc --version >&5
gcc (Ubuntu/Linaro 4.7.2-2ubuntu1) 4.7.2
Copyright (C) 2012 Free Software Foundation, Inc.
This is free software; see the source for copying conditions.  There is NO
warranty; not even for MERCHANTABILITY or FITNESS FOR A PARTICULAR PURPOSE.

configure:2521: $? = 0
configure:2528: gcc -v >&5
Using built-in specs.
COLLECT_GCC=gcc
COLLECT_LTO_WRAPPER=/usr/lib/gcc/x86_64-linux-gnu/4.7/lto-wrapper
Target: x86_64-linux-gnu
Configured with: ../src/configure -v --with-pkgversion='Ubuntu/Linaro 4.7.2-2ubuntu1' --with-bugurl=file:///usr/share/doc/gcc-4.7/README.Bugs --enable-languages=c,c++,go,fortran,objc,obj-c++ --prefix=/usr --program-suffix=-4.7 --enable-shared --enable-linker-build-id --with-system-zlib --libexecdir=/usr/lib --without-included-gettext --enable-threads=posix --with-gxx-include-dir=/usr/include/c++/4.7 --libdir=/usr/lib --enable-nls --with-sysroot=/ --enable-clocale=gnu --enable-libstdcxx-debug --enable-libstdcxx-time=yes --enable-gnu-unique-object --enable-plugin --enable-objc-gc --disable-werror --with-arch-32=i686 --with-tune=generic --enable-checking=release --build=x86_64-linux-gnu --host=x86_64-linux-gnu --target=x86_64-linux-gnu
Thread model: posix
gcc version 4.7.2 (Ubuntu/Linaro 4.7.2-2ubuntu1) 
configure:2531: $? = 0
configure:2538: gcc -V >&5
gcc: error: unrecognized command line option '-V'
gcc: fatal error: no input files
compilation terminated.
configure:2541: $? = 4
configure:2564: checking for C compiler default output file name
configure:2591: gcc    conftest.c  >&5
configure:2594: $? = 0
configure:2632: result: a.out
configure:2649: checking whether the C compiler works
configure:2659: ./a.out
configure:2662: $? = 0
configure:2679: result: yes
configure:2686: checking whether we are cross compiling
configure:2688: result: no
configure:2691: checking for suffix of executables
configure:2698: gcc -o conftest    conftest.c  >&5
configure:2701: $? = 0
configure:2725: result: 
configure:2731: checking for suffix of object files
configure:2757: gcc -c   conftest.c >&5
configure:2760: $? = 0
configure:2783: result: o
configure:2787: checking whether we are using the GNU C compiler
configure:2816: gcc -c   conftest.c >&5
configure:2822: $? = 0
configure:2839: result: yes
configure:2844: checking whether gcc accepts -g
configure:2874: gcc -c -g  conftest.c >&5
configure:2880: $? = 0
configure:2979: result: yes
configure:2996: checking for gcc option to accept ISO C89
configure:3070: gcc  -c -g -O2  conftest.c >&5
configure:3076: $? = 0
configure:3099: result: none needed
configure:3128: checking for style of include used by make
configure:3156: result: GNU
configure:3184: checking dependency style of gcc
configure:3274: result: gcc3
configure:3349: checking for g++
configure:3365: found /usr/bin/g++
configure:3376: result: g++
configure:3407: checking for C++ compiler version
configure:3414: g++ --version >&5
g++ (Ubuntu/Linaro 4.7.2-2ubuntu1) 4.7.2
Copyright (C) 2012 Free Software Foundation, Inc.
This is free software; see the source for copying conditions.  There is NO
warranty; not even for MERCHANTABILITY or FITNESS FOR A PARTICULAR PURPOSE.

configure:3417: $? = 0
configure:3424: g++ -v >&5
Using built-in specs.
COLLECT_GCC=g++
COLLECT_LTO_WRAPPER=/usr/lib/gcc/x86_64-linux-gnu/4.7/lto-wrapper
Target: x86_64-linux-gnu
Configured with: ../src/configure -v --with-pkgversion='Ubuntu/Linaro 4.7.2-2ubuntu1' --with-bugurl=file:///usr/share/doc/gcc-4.7/README.Bugs --enable-languages=c,c++,go,fortran,objc,obj-c++ --prefix=/usr --program-suffix=-4.7 --enable-shared --enable-linker-build-id --with-system-zlib --libexecdir=/usr/lib --without-included-gettext --enable-threads=posix --with-gxx-include-dir=/usr/include/c++/4.7 --libdir=/usr/lib --enable-nls --with-sysroot=/ --enable-clocale=gnu --enable-libstdcxx-debug --enable-libstdcxx-time=yes --enable-gnu-unique-object --enable-plugin --enable-objc-gc --disable-werror --with-arch-32=i686 --with-tune=generic --enable-checking=release --build=x86_64-linux-gnu --host=x86_64-linux-gnu --target=x86_64-linux-gnu
Thread model: posix
gcc version 4.7.2 (Ubuntu/Linaro 4.7.2-2ubuntu1) 
configure:3427: $? = 0
configure:3434: g++ -V >&5
g++: error: unrecognized command line option '-V'
g++: fatal error: no input files
compilation terminated.
configure:3437: $? = 4
configure:3440: checking whether we are using the GNU C++ compiler
configure:3469: g++ -c   conftest.cpp >&5
configure:3475: $? = 0
configure:3492: result: yes
configure:3497: checking whether g++ accepts -g
configure:3527: g++ -c -g  conftest.cpp >&5
configure:3533: $? = 0
configure:3632: result: yes
configure:3657: checking dependency style of g++
configure:3747: result: gcc3
configure:3765: checking whether the compiler implements namespaces
configure:3798: g++ -c -g -O2  conftest.cpp >&5
configure:3804: $? = 0
configure:3826: result: yes
configure:3836: checking whether the compiler supports ISO C++ standard library
configure:3876: g++ -c -g -O2  conftest.cpp >&5
configure:3882: $? = 0
configure:3904: result: yes
configure:3914: checking whether the compiler supports Standard Template Library
configure:3953: g++ -c -g -O2  conftest.cpp >&5
configure:3959: $? = 0
configure:3981: result: yes
configure:3998: checking how to run the C preprocessor
configure:4038: gcc -E  conftest.c
configure:4044: $? = 0
configure:4075: gcc -E  conftest.c
conftest.c:13:28: fatal error: ac_nonexistent.h: No such file or directory
compilation terminated.
configure:4081: $? = 1
configure: failed program was:
| /* confdefs.h.  */
| #define PACKAGE_NAME "fingerPRINTScan"
| #define PACKAGE_TARNAME "fingerprintscan"
| #define PACKAGE_VERSION "3.5.95-r1 scordis@bioinf.man.ac.uk"
| #define PACKAGE_STRING "fingerPRINTScan 3.5.95-r1 scordis@bioinf.man.ac.uk"
| #define PACKAGE_BUGREPORT ""
| #define PACKAGE "fingerprintscan"
| #define VERSION "3.5.95-r1 scordis@bioinf.man.ac.uk"
| #define HAVE_NAMESPACES
| #define HAVE_STD
| #define HAVE_STL
| /* end confdefs.h.  */
| #include <ac_nonexistent.h>
configure:4114: result: gcc -E
configure:4143: gcc -E  conftest.c
configure:4149: $? = 0
configure:4180: gcc -E  conftest.c
conftest.c:13:28: fatal error: ac_nonexistent.h: No such file or directory
compilation terminated.
configure:4186: $? = 1
configure: failed program was:
| /* confdefs.h.  */
| #define PACKAGE_NAME "fingerPRINTScan"
| #define PACKAGE_TARNAME "fingerprintscan"
| #define PACKAGE_VERSION "3.5.95-r1 scordis@bioinf.man.ac.uk"
| #define PACKAGE_STRING "fingerPRINTScan 3.5.95-r1 scordis@bioinf.man.ac.uk"
| #define PACKAGE_BUGREPORT ""
| #define PACKAGE "fingerprintscan"
| #define VERSION "3.5.95-r1 scordis@bioinf.man.ac.uk"
| #define HAVE_NAMESPACES
| #define HAVE_STD
| #define HAVE_STL
| /* end confdefs.h.  */
| #include <ac_nonexistent.h>
configure:4224: checking for grep that handles long lines and -e
configure:4298: result: /bin/grep
configure:4303: checking for egrep
configure:4381: result: /bin/grep -E
configure:4386: checking for ANSI C header files
configure:4416: gcc -c -g -O2  conftest.c >&5
configure:4422: $? = 0
configure:4521: gcc -o conftest -g -O2   conftest.c  >&5
configure:4524: $? = 0
configure:4530: ./conftest
configure:4533: $? = 0
configure:4550: result: yes
configure:4574: checking for sys/types.h
configure:4595: gcc -c -g -O2  conftest.c >&5
configure:4601: $? = 0
configure:4617: result: yes
configure:4574: checking for sys/stat.h
configure:4595: gcc -c -g -O2  conftest.c >&5
configure:4601: $? = 0
configure:4617: result: yes
configure:4574: checking for stdlib.h
configure:4595: gcc -c -g -O2  conftest.c >&5
configure:4601: $? = 0
configure:4617: result: yes
configure:4574: checking for string.h
configure:4595: gcc -c -g -O2  conftest.c >&5
configure:4601: $? = 0
configure:4617: result: yes
configure:4574: checking for memory.h
configure:4595: gcc -c -g -O2  conftest.c >&5
configure:4601: $? = 0
configure:4617: result: yes
configure:4574: checking for strings.h
configure:4595: gcc -c -g -O2  conftest.c >&5
configure:4601: $? = 0
configure:4617: result: yes
configure:4574: checking for inttypes.h
configure:4595: gcc -c -g -O2  conftest.c >&5
configure:4601: $? = 0
configure:4617: result: yes
configure:4574: checking for stdint.h
configure:4595: gcc -c -g -O2  conftest.c >&5
configure:4601: $? = 0
configure:4617: result: yes
configure:4574: checking for unistd.h
configure:4595: gcc -c -g -O2  conftest.c >&5
configure:4601: $? = 0
configure:4617: result: yes
configure:4644: checking time.h usability
configure:4661: gcc -c -g -O2  conftest.c >&5
configure:4667: $? = 0
configure:4681: result: yes
configure:4685: checking time.h presence
configure:4700: gcc -E  conftest.c
configure:4706: $? = 0
configure:4720: result: yes
configure:4748: checking for time.h
configure:4756: result: yes
configure:4812: checking for strip
configure:4828: found /usr/bin/strip
configure:4839: result: strip
configure:5019: creating ./config.status

## ---------------------- ##
## Running config.status. ##
## ---------------------- ##

This file was extended by fingerPRINTScan config.status 3.5.95-r1 scordis@bioinf.man.ac.uk, which was
generated by GNU Autoconf 2.61.  Invocation command line was

  CONFIG_FILES    = 
  CONFIG_HEADERS  = 
  CONFIG_LINKS    = 
  CONFIG_COMMANDS = 
  $ ./config.status 

on nuka-m90.windows.ebi.ac.uk

config.status:622: creating Makefile
config.status:807: executing depfiles commands
configure:6245: checking dependency style of gcc
configure:6335: result: gcc3
configure:6354: checking dependency style of g++
configure:6444: result: gcc3
configure:6510: checking for gcc
configure:6537: result: gcc
configure:6775: checking for C compiler version
configure:6782: gcc --version >&5
gcc (Ubuntu/Linaro 4.7.2-2ubuntu1) 4.7.2
Copyright (C) 2012 Free Software Foundation, Inc.
This is free software; see the source for copying conditions.  There is NO
warranty; not even for MERCHANTABILITY or FITNESS FOR A PARTICULAR PURPOSE.

configure:6785: $? = 0
configure:6792: gcc -v >&5
Using built-in specs.
COLLECT_GCC=gcc
COLLECT_LTO_WRAPPER=/usr/lib/gcc/x86_64-linux-gnu/4.7/lto-wrapper
Target: x86_64-linux-gnu
Configured with: ../src/configure -v --with-pkgversion='Ubuntu/Linaro 4.7.2-2ubuntu1' --with-bugurl=file:///usr/share/doc/gcc-4.7/README.Bugs --enable-languages=c,c++,go,fortran,objc,obj-c++ --prefix=/usr --program-suffix=-4.7 --enable-shared --enable-linker-build-id --with-system-zlib --libexecdir=/usr/lib --without-included-gettext --enable-threads=posix --with-gxx-include-dir=/usr/include/c++/4.7 --libdir=/usr/lib --enable-nls --with-sysroot=/ --enable-clocale=gnu --enable-libstdcxx-debug --enable-libstdcxx-time=yes --enable-gnu-unique-object --enable-plugin --enable-objc-gc --disable-werror --with-arch-32=i686 --with-tune=generic --enable-checking=release --build=x86_64-linux-gnu --host=x86_64-linux-gnu --target=x86_64-linux-gnu
Thread model: posix
gcc version 4.7.2 (Ubuntu/Linaro 4.7.2-2ubuntu1) 
configure:6795: $? = 0
configure:6802: gcc -V >&5
gcc: error: unrecognized command line option '-V'
gcc: fatal error: no input files
compilation terminated.
configure:6805: $? = 4
configure:6808: checking whether we are using the GNU C compiler
configure:6860: result: yes
configure:6865: checking whether gcc accepts -g
configure:7000: result: yes
configure:7017: checking for gcc option to accept ISO C89
configure:7120: result: none needed
configure:7140: checking dependency style of gcc
configure:7230: result: gcc3

## ---------------- ##
## Cache variables. ##
## ---------------- ##

ac_cv_c_compiler_gnu=yes
ac_cv_cxx_compiler_gnu=yes
ac_cv_cxx_have_std=yes
ac_cv_cxx_have_stl=yes
ac_cv_cxx_namespaces=yes
ac_cv_env_CCC_set=
ac_cv_env_CCC_value=
ac_cv_env_CC_set=
ac_cv_env_CC_value=
ac_cv_env_CFLAGS_set=
ac_cv_env_CFLAGS_value=
ac_cv_env_CPPFLAGS_set=
ac_cv_env_CPPFLAGS_value=
ac_cv_env_CPP_set=
ac_cv_env_CPP_value=
ac_cv_env_CXXFLAGS_set=
ac_cv_env_CXXFLAGS_value=
ac_cv_env_CXX_set=
ac_cv_env_CXX_value=
ac_cv_env_LDFLAGS_set=
ac_cv_env_LDFLAGS_value=
ac_cv_env_LIBS_set=
ac_cv_env_LIBS_value=
ac_cv_env_build_alias_set=
ac_cv_env_build_alias_value=
ac_cv_env_host_alias_set=
ac_cv_env_host_alias_value=
ac_cv_env_target_alias_set=
ac_cv_env_target_alias_value=
ac_cv_header_inttypes_h=yes
ac_cv_header_memory_h=yes
ac_cv_header_stdc=yes
ac_cv_header_stdint_h=yes
ac_cv_header_stdlib_h=yes
ac_cv_header_string_h=yes
ac_cv_header_strings_h=yes
ac_cv_header_sys_stat_h=yes
ac_cv_header_sys_types_h=yes
ac_cv_header_time_h=yes
ac_cv_header_unistd_h=yes
ac_cv_objext=o
ac_cv_path_EGREP='/bin/grep -E'
ac_cv_path_GREP=/bin/grep
ac_cv_path_install='/usr/bin/install -c'
ac_cv_prog_AWK=mawk
ac_cv_prog_CPP='gcc -E'
ac_cv_prog_ac_ct_CC=gcc
ac_cv_prog_ac_ct_CXX=g++
ac_cv_prog_ac_ct_STRIP=strip
ac_cv_prog_cc_c89=
ac_cv_prog_cc_g=yes
ac_cv_prog_cxx_g=yes
ac_cv_prog_make_make_set=yes
am_cv_CC_dependencies_compiler_type=gcc3
am_cv_CXX_dependencies_compiler_type=gcc3
am_cv_prog_cc_stdc=

## ----------------- ##
## Output variables. ##
## ----------------- ##

ACLOCAL='${SHELL} /home/nuka/projects/fingerprints/FingerPRINTScan_3596/missing --run aclocal-1.9'
AMDEPBACKSLASH='\'
AMDEP_FALSE='#'
AMDEP_TRUE=''
AMTAR='${SHELL} /home/nuka/projects/fingerprints/FingerPRINTScan_3596/missing --run tar'
AUTOCONF='${SHELL} /home/nuka/projects/fingerprints/FingerPRINTScan_3596/missing --run autoconf'
AUTOHEADER='${SHELL} /home/nuka/projects/fingerprints/FingerPRINTScan_3596/missing --run autoheader'
AUTOMAKE='${SHELL} /home/nuka/projects/fingerprints/FingerPRINTScan_3596/missing --run automake-1.9'
AWK='mawk'
CC='gcc'
CCDEPMODE='depmode=gcc3'
CFLAGS='-g -O2'
CPP='gcc -E'
CPPFLAGS=''
CXX='g++'
CXXDEPMODE='depmode=gcc3'
CXXFLAGS='-g -O2'
CYGPATH_W='echo'
DEFS='-DPACKAGE_NAME=\"fingerPRINTScan\" -DPACKAGE_TARNAME=\"fingerprintscan\" -DPACKAGE_VERSION=\"3.5.95-r1\ scordis@bioinf.man.ac.uk\" -DPACKAGE_STRING=\"fingerPRINTScan\ 3.5.95-r1\ scordis@bioinf.man.ac.uk\" -DPACKAGE_BUGREPORT=\"\" -DPACKAGE=\"fingerprintscan\" -DVERSION=\"3.5.95-r1\ scordis@bioinf.man.ac.uk\" -DHAVE_NAMESPACES= -DHAVE_STD= -DHAVE_STL= -DSTDC_HEADERS=1 -DHAVE_SYS_TYPES_H=1 -DHAVE_SYS_STAT_H=1 -DHAVE_STDLIB_H=1 -DHAVE_STRING_H=1 -DHAVE_MEMORY_H=1 -DHAVE_STRINGS_H=1 -DHAVE_INTTYPES_H=1 -DHAVE_STDINT_H=1 -DHAVE_UNISTD_H=1 -DHAVE_TIME_H=1'
DEPDIR='.deps'
ECHO_C=''
ECHO_N='-n'
ECHO_T=''
EGREP='/bin/grep -E'
EXEEXT=''
GREP='/bin/grep'
INSTALL_DATA='${INSTALL} -m 644'
INSTALL_PROGRAM='${INSTALL}'
INSTALL_SCRIPT='${INSTALL}'
INSTALL_STRIP_PROGRAM='${SHELL} $(install_sh) -c -s'
LDFLAGS=''
LIBOBJS=''
LIBS=''
LTLIBOBJS=''
MAKEINFO='${SHELL} /home/nuka/projects/fingerprints/FingerPRINTScan_3596/missing --run makeinfo'
OBJEXT='o'
PACKAGE='fingerprintscan'
PACKAGE_BUGREPORT=''
PACKAGE_NAME='fingerPRINTScan'
PACKAGE_STRING='fingerPRINTScan 3.5.95-r1 scordis@bioinf.man.ac.uk'
PACKAGE_TARNAME='fingerprintscan'
PACKAGE_VERSION='3.5.95-r1 scordis@bioinf.man.ac.uk'
PATH_SEPARATOR=':'
SET_MAKE=''
SHELL='/bin/bash'
STRIP='strip'
VERSION='3.5.95-r1 scordis@bioinf.man.ac.uk'
ac_ct_CC='gcc'
ac_ct_CXX='g++'
am__fastdepCC_FALSE='#'
am__fastdepCC_TRUE=''
am__fastdepCXX_FALSE='#'
am__fastdepCXX_TRUE=''
am__include='include'
am__leading_dot='.'
am__quote=''
am__tar='${AMTAR} chof - "$$tardir"'
am__untar='${AMTAR} xf -'
bindir='${exec_prefix}/bin'
build_alias=''
datadir='${datarootdir}'
datarootdir='${prefix}/share'
docdir='${datarootdir}/doc/${PACKAGE_TARNAME}'
dvidir='${docdir}'
exec_prefix='${prefix}'
host_alias=''
htmldir='${docdir}'
includedir='${prefix}/include'
infodir='${datarootdir}/info'
install_sh='/home/nuka/projects/fingerprints/FingerPRINTScan_3596/install-sh'
libdir='${exec_prefix}/lib'
libexecdir='${exec_prefix}/libexec'
localedir='${datarootdir}/locale'
localstatedir='${prefix}/var'
mandir='${datarootdir}/man'
mkdir_p='mkdir -p --'
oldincludedir='/usr/include'
pdfdir='${docdir}'
prefix='/usr/local'
program_transform_name='s,x,x,'
psdir='${docdir}'
sbindir='${exec_prefix}/sbin'
sharedstatedir='${prefix}/com'
sysconfdir='${prefix}/etc'
target_alias=''

## ----------- ##
## confdefs.h. ##
## ----------- ##

#define PACKAGE_NAME "fingerPRINTScan"
#define PACKAGE_TARNAME "fingerprintscan"
#define PACKAGE_VERSION "3.5.95-r1 scordis@bioinf.man.ac.uk"
#define PACKAGE_STRING "fingerPRINTScan 3.5.95-r1 scordis@bioinf.man.ac.uk"
#define PACKAGE_BUGREPORT ""
#define PACKAGE "fingerprintscan"
#define VERSION "3.5.95-r1 scordis@bioinf.man.ac.uk"
#define HAVE_NAMESPACES
#define HAVE_STD
#define HAVE_STL
#define STDC_HEADERS 1
#define HAVE_SYS_TYPES_H 1
#define HAVE_SYS_STAT_H 1
#define HAVE_STDLIB_H 1
#define HAVE_STRING_H 1
#define HAVE_MEMORY_H 1
#define HAVE_STRINGS_H 1
#define HAVE_INTTYPES_H 1
#define HAVE_STDINT_H 1
#define HAVE_UNISTD_H 1
#define HAVE_TIME_H 1
#define PACKAGE "fingerprintscan"
#define VERSION "3.5.95-r1 scordis@bioinf.man.ac.uk"

configure: exit 0
